#
# A fatal error has been detected by the Java Runtime Environment:
#
#  Internal Error (javaClasses.cpp:136), pid=22496, tid=11011
#  fatal error: Invalid layout of preloaded class
#
# JRE version:  (7.0_45-b18) (build )
# Java VM: Java HotSpot(TM) 64-Bit Server VM (24.45-b08 mixed mode bsd-amd64 compressed oops)
# Failed to write core dump. Core dumps have been disabled. To enable core dumping, try "ulimit -c unlimited" before starting Java again
#
# If you would like to submit a bug report, please visit:
#   http://bugreport.sun.com/bugreport/crash.jsp
#

---------------  T H R E A D  ---------------

Current thread (0x00007fb06b841000):  JavaThread "Unknown thread" [_thread_in_vm, id=11011, stack(0x00000001108ce000,0x00000001109ce000)]

Stack: [0x00000001108ce000,0x00000001109ce000],  sp=0x00000001109cd830,  free space=1022k
Native frames: (J=compiled Java code, j=interpreted, Vv=VM code, C=native code)
V  [libjvm.dylib+0x524ee9]
V  [libjvm.dylib+0x1ec38d]
V  [libjvm.dylib+0x2d96e5]
V  [libjvm.dylib+0x2da2c0]
V  [libjvm.dylib+0x4c4312]
V  [libjvm.dylib+0x501797]
V  [libjvm.dylib+0x501d0b]
V  [libjvm.dylib+0x29f988]
V  [libjvm.dylib+0x4f1d16]
V  [libjvm.dylib+0x309be1]
C  [java+0x2915]  JavaMain+0x134
C  [libsystem_c.dylib+0x4e8bf]  _pthread_start+0x14f
C  [libsystem_c.dylib+0x51b75]  thread_start+0xd


---------------  P R O C E S S  ---------------

Java Threads: ( => current thread )

Other Threads:

=>0x00007fb06b841000 (exited) JavaThread "Unknown thread" [_thread_in_vm, id=11011, stack(0x00000001108ce000,0x00000001109ce000)]

VM state:not at safepoint (not fully initialized)

VM Mutex/Monitor currently owned by a thread: None

GC Heap History (0 events):
No events

Deoptimization events (0 events):
No events

Internal exceptions (0 events):
No events

Events (10 events):
Event: 0.039 loading class 0x000000011678a6e0 done
Event: 0.039 loading class 0x000000011678a100 done
Event: 0.039 loading class 0x000000011678a0e0
Event: 0.039 loading class 0x00000001167921e0
Event: 0.039 loading class 0x00000001167921e0 done
Event: 0.039 loading class 0x0000000116792210
Event: 0.040 loading class 0x0000000116792210 done
Event: 0.040 loading class 0x0000000116792240
Event: 0.040 loading class 0x0000000116792240 done
Event: 0.040 loading class 0x000000011678a0e0 done


Dynamic libraries:
0x0000000001731000 	/System/Library/Frameworks/Cocoa.framework/Versions/A/Cocoa
0x0000000001731000 	/System/Library/Frameworks/Security.framework/Versions/A/Security
0x0000000001731000 	/System/Library/Frameworks/ApplicationServices.framework/Versions/A/ApplicationServices
0x0000000001731000 	/usr/lib/libz.1.dylib
0x0000000001731000 	/usr/lib/libSystem.B.dylib
0x0000000001731000 	/usr/lib/libobjc.A.dylib
0x0000000001731000 	/System/Library/Frameworks/CoreFoundation.framework/Versions/A/CoreFoundation
0x0000000001731000 	/System/Library/Frameworks/Foundation.framework/Versions/C/Foundation
0x0000000001731000 	/System/Library/Frameworks/AppKit.framework/Versions/C/AppKit
0x0000000001731000 	/System/Library/Frameworks/CoreData.framework/Versions/A/CoreData
0x0000000001731000 	/System/Library/PrivateFrameworks/RemoteViewServices.framework/Versions/A/RemoteViewServices
0x0000000001731000 	/System/Library/Frameworks/AudioToolbox.framework/Versions/A/AudioToolbox
0x0000000001731000 	/System/Library/Frameworks/AudioUnit.framework/Versions/A/AudioUnit
0x0000000001731000 	/System/Library/PrivateFrameworks/DataDetectorsCore.framework/Versions/A/DataDetectorsCore
0x0000000001731000 	/System/Library/PrivateFrameworks/DesktopServicesPriv.framework/Versions/A/DesktopServicesPriv
0x0000000001731000 	/System/Library/Frameworks/Carbon.framework/Versions/A/Frameworks/HIToolbox.framework/Versions/A/HIToolbox
0x0000000001731000 	/System/Library/Frameworks/QuartzCore.framework/Versions/A/QuartzCore
0x0000000001731000 	/System/Library/Frameworks/Carbon.framework/Versions/A/Frameworks/SpeechRecognition.framework/Versions/A/SpeechRecognition
0x0000000001731000 	/usr/lib/libauto.dylib
0x0000000001731000 	/usr/lib/libicucore.A.dylib
0x0000000001731000 	/usr/lib/libxml2.2.dylib
0x0000000001731000 	/System/Library/PrivateFrameworks/CoreUI.framework/Versions/A/CoreUI
0x0000000001731000 	/System/Library/Frameworks/CoreAudio.framework/Versions/A/CoreAudio
0x0000000001731000 	/System/Library/Frameworks/DiskArbitration.framework/Versions/A/DiskArbitration
0x0000000001731000 	/usr/lib/liblangid.dylib
0x0000000001731000 	/System/Library/PrivateFrameworks/MultitouchSupport.framework/Versions/A/MultitouchSupport
0x0000000001731000 	/System/Library/Frameworks/IOKit.framework/Versions/A/IOKit
0x0000000001731000 	/usr/lib/libDiagnosticMessagesClient.dylib
0x0000000001731000 	/System/Library/Frameworks/CoreServices.framework/Versions/A/CoreServices
0x0000000001731000 	/System/Library/PrivateFrameworks/PerformanceAnalysis.framework/Versions/A/PerformanceAnalysis
0x0000000001731000 	/System/Library/PrivateFrameworks/GenerationalStorage.framework/Versions/A/GenerationalStorage
0x0000000001731000 	/System/Library/Frameworks/OpenGL.framework/Versions/A/OpenGL
0x000000010f2bd000 	/System/Library/Frameworks/CoreServices.framework/Versions/A/Frameworks/CFNetwork.framework/Versions/A/CFNetwork
0x0000000001731000 	/System/Library/Frameworks/SystemConfiguration.framework/Versions/A/SystemConfiguration
0x0000000001731000 	/usr/lib/libCRFSuite.dylib
0x0000000001731000 	/usr/lib/libc++.1.dylib
0x0000000001731000 	/usr/lib/libstdc++.6.dylib
0x0000000001731000 	/usr/lib/libc++abi.dylib
0x0000000001731000 	/usr/lib/system/libcache.dylib
0x0000000001731000 	/usr/lib/system/libcommonCrypto.dylib
0x0000000001731000 	/usr/lib/system/libcompiler_rt.dylib
0x0000000001731000 	/usr/lib/system/libcopyfile.dylib
0x0000000001731000 	/usr/lib/system/libdispatch.dylib
0x0000000001731000 	/usr/lib/system/libdnsinfo.dylib
0x0000000001731000 	/usr/lib/system/libdyld.dylib
0x0000000001731000 	/usr/lib/system/libkeymgr.dylib
0x0000000001731000 	/usr/lib/system/liblaunch.dylib
0x0000000001731000 	/usr/lib/system/libmacho.dylib
0x0000000001731000 	/usr/lib/system/libmathCommon.A.dylib
0x0000000001731000 	/usr/lib/system/libquarantine.dylib
0x0000000001731000 	/usr/lib/system/libremovefile.dylib
0x0000000001731000 	/usr/lib/system/libsystem_blocks.dylib
0x0000000001731000 	/usr/lib/system/libsystem_c.dylib
0x0000000001731000 	/usr/lib/system/libsystem_dnssd.dylib
0x0000000001731000 	/usr/lib/system/libsystem_info.dylib
0x0000000001731000 	/usr/lib/system/libsystem_kernel.dylib
0x0000000001731000 	/usr/lib/system/libsystem_network.dylib
0x0000000001731000 	/usr/lib/system/libsystem_notify.dylib
0x000000010f4cf000 	/usr/lib/system/libsystem_sandbox.dylib
0x0000000001731000 	/usr/lib/system/libunc.dylib
0x0000000001731000 	/usr/lib/system/libunwind.dylib
0x0000000001731000 	/usr/lib/system/libxpc.dylib
0x0000000001731000 	/usr/lib/libbsm.0.dylib
0x0000000001731000 	/usr/lib/libsqlite3.dylib
0x0000000001731000 	/usr/lib/libOpenScriptingUtil.dylib
0x0000000001731000 	/usr/lib/libpam.2.dylib
0x0000000001731000 	/usr/lib/libxar-nossl.dylib
0x0000000001731000 	/usr/lib/libbz2.1.0.dylib
0x0000000001731000 	/System/Library/Frameworks/CoreServices.framework/Versions/A/Frameworks/CarbonCore.framework/Versions/A/CarbonCore
0x0000000001731000 	/System/Library/Frameworks/CoreServices.framework/Versions/A/Frameworks/Metadata.framework/Versions/A/Metadata
0x000000010f4d5000 	/System/Library/Frameworks/CoreServices.framework/Versions/A/Frameworks/OSServices.framework/Versions/A/OSServices
0x0000000001731000 	/System/Library/Frameworks/CoreServices.framework/Versions/A/Frameworks/SearchKit.framework/Versions/A/SearchKit
0x0000000001731000 	/System/Library/Frameworks/CoreServices.framework/Versions/A/Frameworks/AE.framework/Versions/A/AE
0x000000010f637000 	/System/Library/Frameworks/CoreServices.framework/Versions/A/Frameworks/LaunchServices.framework/Versions/A/LaunchServices
0x0000000001731000 	/System/Library/Frameworks/CoreServices.framework/Versions/A/Frameworks/DictionaryServices.framework/Versions/A/DictionaryServices
0x0000000001731000 	/System/Library/Frameworks/NetFS.framework/Versions/A/NetFS
0x0000000001731000 	/usr/lib/system/libkxld.dylib
0x0000000001731000 	/System/Library/PrivateFrameworks/NetAuth.framework/Versions/A/NetAuth
0x000000010f72b000 	/usr/lib/libcrypto.0.9.8.dylib
0x0000000001731000 	/System/Library/PrivateFrameworks/TrustEvaluationAgent.framework/Versions/A/TrustEvaluationAgent
0x0000000001731000 	/System/Library/Frameworks/OpenDirectory.framework/Versions/A/Frameworks/CFOpenDirectory.framework/Versions/A/CFOpenDirectory
0x0000000001731000 	/usr/lib/libxslt.1.dylib
0x0000000001731000 	/System/Library/PrivateFrameworks/FamilyControls.framework/Versions/A/FamilyControls
0x0000000001731000 	/System/Library/Frameworks/Carbon.framework/Versions/A/Frameworks/Ink.framework/Versions/A/Ink
0x0000000001731000 	/System/Library/Frameworks/ApplicationServices.framework/Versions/A/Frameworks/CoreGraphics.framework/Versions/A/CoreGraphics
0x000000010f8a4000 	/System/Library/Frameworks/ApplicationServices.framework/Versions/A/Frameworks/ImageIO.framework/Versions/A/ImageIO
0x0000000001731000 	/System/Library/Frameworks/ApplicationServices.framework/Versions/A/Frameworks/CoreText.framework/Versions/A/CoreText
0x000000010f9cd000 	/System/Library/Frameworks/ApplicationServices.framework/Versions/A/Frameworks/ATS.framework/Versions/A/ATS
0x0000000001731000 	/System/Library/Frameworks/ApplicationServices.framework/Versions/A/Frameworks/ColorSync.framework/Versions/A/ColorSync
0x0000000001731000 	/System/Library/Frameworks/ApplicationServices.framework/Versions/A/Frameworks/HIServices.framework/Versions/A/HIServices
0x0000000001731000 	/System/Library/Frameworks/ApplicationServices.framework/Versions/A/Frameworks/LangAnalysis.framework/Versions/A/LangAnalysis
0x0000000001731000 	/System/Library/Frameworks/ApplicationServices.framework/Versions/A/Frameworks/PrintCore.framework/Versions/A/PrintCore
0x000000010fa84000 	/System/Library/Frameworks/ApplicationServices.framework/Versions/A/Frameworks/QD.framework/Versions/A/QD
0x0000000001731000 	/System/Library/Frameworks/ApplicationServices.framework/Versions/A/Frameworks/SpeechSynthesis.framework/Versions/A/SpeechSynthesis
0x0000000001731000 	/System/Library/Frameworks/IOSurface.framework/Versions/A/IOSurface
0x0000000001731000 	/System/Library/Frameworks/Accelerate.framework/Versions/A/Accelerate
0x000000010fae2000 	/System/Library/Frameworks/ApplicationServices.framework/Versions/A/Frameworks/ImageIO.framework/Versions/A/Resources/libJPEG.dylib
0x000000010fb1a000 	/System/Library/Frameworks/ApplicationServices.framework/Versions/A/Frameworks/ImageIO.framework/Versions/A/Resources/libTIFF.dylib
0x0000000001731000 	/System/Library/Frameworks/ApplicationServices.framework/Versions/A/Frameworks/ImageIO.framework/Versions/A/Resources/libPng.dylib
0x0000000001731000 	/System/Library/Frameworks/ApplicationServices.framework/Versions/A/Frameworks/ImageIO.framework/Versions/A/Resources/libGIF.dylib
0x000000010fb81000 	/System/Library/Frameworks/ApplicationServices.framework/Versions/A/Frameworks/ImageIO.framework/Versions/A/Resources/libJP2.dylib
0x0000000001731000 	/System/Library/Frameworks/ApplicationServices.framework/Versions/A/Frameworks/ImageIO.framework/Versions/A/Resources/libRadiance.dylib
0x0000000001731000 	/System/Library/Frameworks/Accelerate.framework/Versions/A/Frameworks/vImage.framework/Versions/A/vImage
0x0000000001731000 	/System/Library/Frameworks/Accelerate.framework/Versions/A/Frameworks/vecLib.framework/Versions/A/vecLib
0x0000000001731000 	/System/Library/Frameworks/Accelerate.framework/Versions/A/Frameworks/vecLib.framework/Versions/A/libvDSP.dylib
0x0000000001731000 	/System/Library/Frameworks/Accelerate.framework/Versions/A/Frameworks/vecLib.framework/Versions/A/libvMisc.dylib
0x0000000001731000 	/System/Library/Frameworks/Accelerate.framework/Versions/A/Frameworks/vecLib.framework/Versions/A/libLAPACK.dylib
0x0000000001731000 	/System/Library/Frameworks/Accelerate.framework/Versions/A/Frameworks/vecLib.framework/Versions/A/libBLAS.dylib
0x0000000001731000 	/System/Library/Frameworks/ApplicationServices.framework/Versions/A/Frameworks/ATS.framework/Versions/A/Resources/libFontParser.dylib
0x0000000001731000 	/System/Library/Frameworks/ApplicationServices.framework/Versions/A/Frameworks/ATS.framework/Versions/A/Resources/libFontRegistry.dylib
0x0000000001731000 	/usr/lib/libcups.2.dylib
0x0000000001731000 	/System/Library/Frameworks/Kerberos.framework/Versions/A/Kerberos
0x0000000001731000 	/System/Library/Frameworks/GSS.framework/Versions/A/GSS
0x0000000001731000 	/usr/lib/libresolv.9.dylib
0x0000000001731000 	/usr/lib/libiconv.2.dylib
0x000000010fcc0000 	/System/Library/PrivateFrameworks/Heimdal.framework/Versions/A/Heimdal
0x0000000001731000 	/System/Library/Frameworks/OpenDirectory.framework/Versions/A/OpenDirectory
0x000000010fd72000 	/System/Library/PrivateFrameworks/CommonAuth.framework/Versions/A/CommonAuth
0x0000000001731000 	/System/Library/Frameworks/CoreVideo.framework/Versions/A/CoreVideo
0x0000000001731000 	/System/Library/Frameworks/QuartzCore.framework/Versions/A/Frameworks/CoreImage.framework/Versions/A/CoreImage
0x0000000001731000 	/System/Library/Frameworks/QuartzCore.framework/Versions/A/Frameworks/ScalableUserInterface.framework/Versions/A/ScalableUserInterface
0x0000000001731000 	/System/Library/Frameworks/OpenGL.framework/Versions/A/Libraries/libGLU.dylib
0x0000000001731000 	/System/Library/Frameworks/OpenGL.framework/Versions/A/Libraries/libGFXShared.dylib
0x0000000001731000 	/System/Library/Frameworks/OpenGL.framework/Versions/A/Libraries/libGL.dylib
0x0000000001731000 	/System/Library/Frameworks/OpenGL.framework/Versions/A/Libraries/libGLImage.dylib
0x0000000001731000 	/System/Library/Frameworks/OpenGL.framework/Versions/A/Libraries/libCVMSPluginSupport.dylib
0x0000000001731000 	/System/Library/Frameworks/OpenGL.framework/Versions/A/Libraries/libCoreVMClient.dylib
0x0000000001731000 	/System/Library/Frameworks/OpenCL.framework/Versions/A/OpenCL
0x0000000001731000 	/System/Library/PrivateFrameworks/FaceCoreLight.framework/Versions/A/FaceCoreLight
0x0000000001731000 	/System/Library/Frameworks/vecLib.framework/Versions/A/vecLib
0x0000000001731000 	/System/Library/Frameworks/SecurityFoundation.framework/Versions/A/SecurityFoundation
0x000000010fd8b000 	/System/Library/PrivateFrameworks/CommerceKit.framework/Versions/A/Frameworks/CommerceCore.framework/Versions/A/CommerceCore
0x0000000001731000 	/System/Library/PrivateFrameworks/CoreSymbolication.framework/Versions/A/CoreSymbolication
0x0000000001731000 	/System/Library/PrivateFrameworks/Symbolication.framework/Versions/A/Symbolication
0x0000000001731000 	/System/Library/PrivateFrameworks/DebugSymbols.framework/Versions/A/DebugSymbols
0x000000010fe7a000 	/Library/Java/JavaVirtualMachines/jdk1.7.0_45.jdk/Contents/Home/jre/lib/server/libjvm.dylib
0x00000001109d0000 	/Library/Java/JavaVirtualMachines/jdk1.7.0_45.jdk/Contents/Home/jre/lib/libverify.dylib
0x00000001109dd000 	/Library/Java/JavaVirtualMachines/jdk1.7.0_45.jdk/Contents/Home/jre/lib/libjava.dylib
0x0000000110a15000 	/Library/Java/JavaVirtualMachines/jdk1.7.0_45.jdk/Contents/Home/jre/lib/libzip.dylib

VM Arguments:
jvm_args: -Dfile.encoding=US-ASCII -Xbootclasspath:/Users/nicklesk/Eclipse/sdk/platforms/android-18/android.jar 
java_command: com.nicklesk.interview.Main
Launcher Type: SUN_STANDARD

Environment Variables:
PATH=/usr/bin:/bin:/usr/sbin:/sbin
SHELL=/bin/bash
DISPLAY=/tmp/launch-s8p6R2/org.x:0

Signal Handlers:
SIGSEGV: [libjvm.dylib+0x525415], sa_mask[0]=0xfffefeff, sa_flags=0x00000043
SIGBUS: [libjvm.dylib+0x525415], sa_mask[0]=0xfffefeff, sa_flags=0x00000042
SIGFPE: [libjvm.dylib+0x41891a], sa_mask[0]=0xfffefeff, sa_flags=0x00000042
SIGPIPE: [libjvm.dylib+0x41891a], sa_mask[0]=0xfffefeff, sa_flags=0x00000042
SIGXFSZ: [libjvm.dylib+0x41891a], sa_mask[0]=0xfffefeff, sa_flags=0x00000042
SIGILL: [libjvm.dylib+0x41891a], sa_mask[0]=0xfffefeff, sa_flags=0x00000042
SIGUSR1: SIG_DFL, sa_mask[0]=0x00000000, sa_flags=0x00000002
SIGUSR2: [libjvm.dylib+0x41840c], sa_mask[0]=0x00000004, sa_flags=0x00000042
SIGHUP: SIG_DFL, sa_mask[0]=0xfffefeff, sa_flags=0x00000042
SIGINT: SIG_DFL, sa_mask[0]=0xfffefeff, sa_flags=0x00000042
SIGTERM: SIG_DFL, sa_mask[0]=0xfffefeff, sa_flags=0x00000042
SIGQUIT: SIG_DFL, sa_mask[0]=0xfffefeff, sa_flags=0x00000042


---------------  S Y S T E M  ---------------

OS:Bsduname:Darwin 11.4.2 Darwin Kernel Version 11.4.2: Thu Aug 23 16:25:48 PDT 2012; root:xnu-1699.32.7~1/RELEASE_X86_64 x86_64
rlimit: STACK 8192k, CORE 0k, NPROC 709, NOFILE 10240, AS infinity
load average:1.21 1.57 1.45

CPU:total 4 (2 cores per cpu, 2 threads per core) family 6 model 58 stepping 9, cmov, cx8, fxsr, mmx, sse, sse2, sse3, ssse3, sse4.1, sse4.2, popcnt, avx, aes, erms, ht, tsc, tscinvbit, tscinv

Memory: 4k page, physical 4194304k(1048576k free)

/proc/meminfo:


vm_info: Java HotSpot(TM) 64-Bit Server VM (24.45-b08) for bsd-amd64 JRE (1.7.0_45-b18), built on Oct  8 2013 05:54:16 by "java_re" with gcc 4.2.1 (Based on Apple Inc. build 5658) (LLVM build 2336.11.00)

time: Sun Apr 27 17:47:31 2014
elapsed time: 0 seconds

